b/device/rockchip/rk30sdk/device.mk
b/frameworks/base/Android.mk
b/frameworks/base/api/current.txt
b/frameworks/base/core/java/android/hardware/ISensor.aidl
b/frameworks/base/core/java/android/hardware/ISensorManager.aidl
b/frameworks/base/core/java/android/hardware/SensorParcel.aidl
b/frameworks/base/core/java/android/hardware/SensorParcel.java
b/frameworks/base/core/java/android/hardware/SystemSensorManager.java
b/frameworks/base/core/java/android/view/IWindowManager.aidl
b/frameworks/base/services/java/com/android/server/pm/PackageManagerService.java
b/frameworks/base/services/java/com/android/server/wm/WindowManagerService.java
b/frameworks/base/services/java/com/android/server/wm/remotecontrol/ControlSocket.java
b/frameworks/base/services/java/com/android/server/wm/remotecontrol/DataTypesConvert.java
b/frameworks/base/services/java/com/android/server/wm/remotecontrol/DisplayUtil.java
b/frameworks/base/services/java/com/android/server/wm/remotecontrol/Environment.java
b/frameworks/base/services/java/com/android/server/wm/remotecontrol/GSensorControlRequest.java
b/frameworks/base/services/java/com/android/server/wm/remotecontrol/GSensorRequestListener.java
b/frameworks/base/services/java/com/android/server/wm/remotecontrol/MouseControlRequest.java
b/frameworks/base/services/java/com/android/server/wm/remotecontrol/MouseManager.java
b/frameworks/base/services/java/com/android/server/wm/remotecontrol/MouseRequestListener.java
b/frameworks/base/services/java/com/android/server/wm/remotecontrol/RemoteControlManager.java
b/frameworks/base/services/java/com/android/server/wm/remotecontrol/RemoteControlRequest.java
b/frameworks/base/services/java/com/android/server/wm/remotecontrol/ScrollControlRequest.java
b/frameworks/base/services/java/com/android/server/wm/remotecontrol/ScrollRequestListener.java
b/frameworks/base/services/java/com/android/server/wm/remotecontrol/SensorManagerService.java
b/frameworks/base/services/java/com/android/server/wm/remotecontrol/SoftKeyControlRequest.java
b/frameworks/base/services/java/com/android/server/wm/remotecontrol/SoftKeyRequestListener.java
b/frameworks/base/services/java/com/android/server/wm/remotecontrol/TypeConstants.java
b/frameworks/base/services/java/com/android/server/wm/remotecontrol/UDPPacket.java
b/frameworks/base/services/java/com/android/server/wm/remotecontrol/UDPSocket.java
b/frameworks/base/services/java/com/android/server/wm/remotecontrol/WimoControlRequest.java
b/frameworks/base/services/java/com/android/server/wm/remotecontrol/WimoRequestListener.java
b/frameworks/base/tools/layoutlib/bridge/src/com/android/layoutlib/bridge/android/BridgeWindowManager.java
